2025-12-24 18:56:18,664 INFO o.a.j.u.JMeterUtils: Setting Locale to en_EN
2025-12-24 18:56:18,677 INFO o.a.j.JMeter: Loading user properties from: /opt/homebrew/Cellar/jmeter/5.6.3/libexec/bin/user.properties
2025-12-24 18:56:18,677 INFO o.a.j.JMeter: Loading system properties from: /opt/homebrew/Cellar/jmeter/5.6.3/libexec/bin/system.properties
2025-12-24 18:56:18,680 INFO o.a.j.JMeter: Copyright (c) 1998-2024 The Apache Software Foundation
2025-12-24 18:56:18,680 INFO o.a.j.JMeter: Version 5.6.3
2025-12-24 18:56:18,680 INFO o.a.j.JMeter: java.version=21.0.9
2025-12-24 18:56:18,680 INFO o.a.j.JMeter: java.vm.name=OpenJDK 64-Bit Server VM
2025-12-24 18:56:18,680 INFO o.a.j.JMeter: os.name=Mac OS X
2025-12-24 18:56:18,680 INFO o.a.j.JMeter: os.arch=aarch64
2025-12-24 18:56:18,680 INFO o.a.j.JMeter: os.version=26.1
2025-12-24 18:56:18,680 INFO o.a.j.JMeter: file.encoding=UTF-8
2025-12-24 18:56:18,680 INFO o.a.j.JMeter: java.awt.headless=null
2025-12-24 18:56:18,680 INFO o.a.j.JMeter: Max memory     =1073741824
2025-12-24 18:56:18,680 INFO o.a.j.JMeter: Available Processors =8
2025-12-24 18:56:18,685 INFO o.a.j.JMeter: Default Locale=English (EN)
2025-12-24 18:56:18,685 INFO o.a.j.JMeter: JMeter  Locale=English (EN)
2025-12-24 18:56:18,685 INFO o.a.j.JMeter: JMeterHome=/opt/homebrew/Cellar/jmeter/5.6.3/libexec
2025-12-24 18:56:18,685 INFO o.a.j.JMeter: user.dir  =/Users/nova/Documents/Projects/Cibertec/Pruebas de Software/shopping-cart-appium-test
2025-12-24 18:56:18,685 INFO o.a.j.JMeter: PWD       =/Users/nova/Documents/Projects/Cibertec/Pruebas de Software/shopping-cart-appium-test
2025-12-24 18:56:18,687 INFO o.a.j.JMeter: IP: 127.0.0.1 Name: MacBook-Pro-de-Nova.local FullName: localhost
2025-12-24 18:56:18,694 INFO o.a.j.JMeter: Loaded icon properties from org/apache/jmeter/images/icon.properties
2025-12-24 18:56:19,838 INFO o.a.j.JMeterGuiLauncher: Setting LAF to: com.github.weisj.darklaf.DarkLaf:com.github.weisj.darklaf.theme.DarculaTheme
2025-12-24 18:56:21,048 INFO o.a.j.r.ClassFinder: Will scan jar /opt/homebrew/Cellar/jmeter/5.6.3/libexec/lib/ext/jmeter-plugins-manager-1.9.jar with filter ExtendsClassFilter [parents=[interface org.apache.jmeter.gui.action.Command], inner=false, contains=null, notContains=null]. Consider exposing JMeter plugins via META-INF/services, and add JMeter-Skip-Class-Scanning=true manifest attribute so JMeter can skip classfile scanning
2025-12-24 18:56:21,117 INFO o.a.j.r.ClassFinder: Will scan jar /opt/homebrew/Cellar/jmeter/5.6.3/libexec/lib/ext/jmeter-plugins-manager-1.9.jar with filter ExtendsClassFilter [parents=[interface org.apache.jmeter.gui.plugin.MenuCreator], inner=false, contains=null, notContains=null]. Consider exposing JMeter plugins via META-INF/services, and add JMeter-Skip-Class-Scanning=true manifest attribute so JMeter can skip classfile scanning
2025-12-24 18:56:21,176 INFO o.j.r.JARSourceHTTP: Requesting https://jmeter-plugins.org/repo/?installID=mac_os_x-ddf488b53531d6aa54f5d58c2025db30-gui
2025-12-24 18:56:22,620 INFO o.j.r.PluginManager: Plugins Status: [jpgc-plugins-manager=1.9, jmeter-core=5.6.3, jmeter-ftp=5.6.3, jmeter-http=5.6.3, jmeter-jdbc=5.6.3, jmeter-jms=5.6.3, jmeter-junit=5.6.3, jmeter-java=5.6.3, jmeter-ldap=5.6.3, jmeter-mail=5.6.3, jmeter-mongodb=5.6.3, jmeter-native=5.6.3, jmeter-tcp=5.6.3, jmeter-components=5.6.3]
2025-12-24 18:56:22,620 INFO o.j.r.PluginManagerMenuItem: Plugins Manager has upgrades: [jpgc-plugins-manager]
2025-12-24 19:02:35,557 INFO o.a.j.p.h.s.HTTPSamplerBase: Parser for text/html is org.apache.jmeter.protocol.http.parser.LagartoBasedHtmlParser
2025-12-24 19:02:35,557 INFO o.a.j.p.h.s.HTTPSamplerBase: Parser for application/xhtml+xml is org.apache.jmeter.protocol.http.parser.LagartoBasedHtmlParser
2025-12-24 19:02:35,557 INFO o.a.j.p.h.s.HTTPSamplerBase: Parser for application/xml is org.apache.jmeter.protocol.http.parser.LagartoBasedHtmlParser
2025-12-24 19:02:35,557 INFO o.a.j.p.h.s.HTTPSamplerBase: Parser for text/xml is org.apache.jmeter.protocol.http.parser.LagartoBasedHtmlParser
2025-12-24 19:02:35,557 INFO o.a.j.p.h.s.HTTPSamplerBase: Parser for text/vnd.wap.wml is org.apache.jmeter.protocol.http.parser.RegexpHTMLParser
2025-12-24 19:02:35,558 INFO o.a.j.p.h.s.HTTPSamplerBase: Parser for text/css is org.apache.jmeter.protocol.http.parser.CssParser
2025-12-24 19:06:09,258 INFO o.a.j.s.SampleResult: Note: Sample TimeStamps are START times
2025-12-24 19:06:09,258 INFO o.a.j.s.SampleResult: sampleresult.default.encoding is set to UTF-8
2025-12-24 19:06:09,259 INFO o.a.j.s.SampleResult: sampleresult.useNanoTime=true
2025-12-24 19:06:09,259 INFO o.a.j.s.SampleResult: sampleresult.nanoThreadSleep=5000
2025-12-24 19:06:09,332 INFO o.a.j.r.ClassFinder: Will scan jar /opt/homebrew/Cellar/jmeter/5.6.3/libexec/lib/ext/jmeter-plugins-manager-1.9.jar with filter ExtendsClassFilter [parents=[interface org.apache.jmeter.visualizers.ResultRenderer], inner=false, contains=null, notContains=null]. Consider exposing JMeter plugins via META-INF/services, and add JMeter-Skip-Class-Scanning=true manifest attribute so JMeter can skip classfile scanning
2025-12-24 19:06:09,342 INFO o.a.j.r.ClassFinder: Will scan jar /opt/homebrew/Cellar/jmeter/5.6.3/libexec/lib/ext/jmeter-plugins-manager-1.9.jar with filter ExtendsClassFilter [parents=[interface org.apache.jmeter.visualizers.RequestView], inner=false, contains=null, notContains=null]. Consider exposing JMeter plugins via META-INF/services, and add JMeter-Skip-Class-Scanning=true manifest attribute so JMeter can skip classfile scanning
2025-12-24 19:06:58,069 INFO o.a.j.e.StandardJMeterEngine: Running the test!
2025-12-24 19:06:58,070 INFO o.a.j.s.SampleEvent: List of sample_variables: []
2025-12-24 19:06:58,071 INFO o.a.j.s.SampleEvent: List of sample_variables: []
2025-12-24 19:06:58,072 INFO o.a.j.e.u.CompoundVariable: Note: Function class names must contain the string: '.functions.'
2025-12-24 19:06:58,072 INFO o.a.j.e.u.CompoundVariable: Note: Function class names must not contain the string: '.gui.'
2025-12-24 19:06:58,123 INFO o.a.j.r.ClassFinder: Will scan jar /opt/homebrew/Cellar/jmeter/5.6.3/libexec/lib/ext/jmeter-plugins-manager-1.9.jar with filter ExtendsClassFilter [parents=[interface org.apache.jmeter.functions.Function], inner=false, contains=null, notContains=null]. Consider exposing JMeter plugins via META-INF/services, and add JMeter-Skip-Class-Scanning=true manifest attribute so JMeter can skip classfile scanning
2025-12-24 19:06:58,132 INFO o.a.j.g.u.JMeterMenuBar: setRunning(true, *local*)
2025-12-24 19:06:58,158 INFO o.a.j.e.StandardJMeterEngine: Starting ThreadGroup: 1 : Thread Group
2025-12-24 19:06:58,158 INFO o.a.j.e.StandardJMeterEngine: Starting 10 threads for group Thread Group.
2025-12-24 19:06:58,158 INFO o.a.j.e.StandardJMeterEngine: Thread will continue on error
2025-12-24 19:06:58,158 INFO o.a.j.t.ThreadGroup: Starting thread group... number=1 threads=10 ramp-up=1 delayedStart=false
2025-12-24 19:06:58,160 INFO o.a.j.t.JMeterThread: Thread started: Thread Group 1-1
2025-12-24 19:06:58,162 INFO o.a.j.t.ThreadGroup: Started thread group number 1
2025-12-24 19:06:58,162 INFO o.a.j.e.StandardJMeterEngine: All thread groups have been started
2025-12-24 19:06:58,166 INFO o.a.j.p.h.s.HTTPHCAbstractImpl: Local host = MacBook-Pro-de-Nova.local
2025-12-24 19:06:58,170 INFO o.a.j.p.h.s.HTTPHC4Impl: HTTP request retry count = 0
2025-12-24 19:06:58,204 INFO o.a.j.p.h.s.h.LazyLayeredConnectionSocketFactory: Setting up HTTPS TrustAll Socket Factory
2025-12-24 19:06:58,205 INFO o.a.j.u.JsseSSLManager: Using default SSL protocol: TLS
2025-12-24 19:06:58,205 INFO o.a.j.u.JsseSSLManager: SSL session context: per-thread
2025-12-24 19:06:58,264 INFO o.a.j.t.JMeterThread: Thread started: Thread Group 1-2
2025-12-24 19:06:58,363 INFO o.a.j.t.JMeterThread: Thread started: Thread Group 1-3
2025-12-24 19:06:58,367 INFO o.a.j.u.SSLManager: JmeterKeyStore Location:  type JKS
2025-12-24 19:06:58,368 INFO o.a.j.u.SSLManager: KeyStore created OK
2025-12-24 19:06:58,368 WARN o.a.j.u.SSLManager: Keystore file not found, loading empty keystore
2025-12-24 19:06:58,462 INFO o.a.j.t.JMeterThread: Thread started: Thread Group 1-4
2025-12-24 19:06:58,565 INFO o.a.j.t.JMeterThread: Thread started: Thread Group 1-5
2025-12-24 19:06:58,663 INFO o.a.j.t.JMeterThread: Thread started: Thread Group 1-6
2025-12-24 19:06:58,760 INFO o.a.j.t.JMeterThread: Thread started: Thread Group 1-7
2025-12-24 19:06:58,864 INFO o.a.j.t.JMeterThread: Thread started: Thread Group 1-8
2025-12-24 19:06:58,965 INFO o.a.j.t.JMeterThread: Thread started: Thread Group 1-9
2025-12-24 19:06:59,065 INFO o.a.j.t.JMeterThread: Thread started: Thread Group 1-10
2025-12-24 19:07:00,099 INFO o.a.j.t.JMeterThread: Thread is done: Thread Group 1-4
2025-12-24 19:07:00,099 INFO o.a.j.t.JMeterThread: Thread finished: Thread Group 1-4
2025-12-24 19:07:00,184 INFO o.a.j.t.JMeterThread: Thread is done: Thread Group 1-2
2025-12-24 19:07:00,184 INFO o.a.j.t.JMeterThread: Thread finished: Thread Group 1-2
2025-12-24 19:07:00,215 INFO o.a.j.t.JMeterThread: Thread is done: Thread Group 1-5
2025-12-24 19:07:00,216 INFO o.a.j.t.JMeterThread: Thread finished: Thread Group 1-5
2025-12-24 19:07:00,292 INFO o.a.j.t.JMeterThread: Thread is done: Thread Group 1-1
2025-12-24 19:07:00,292 INFO o.a.j.t.JMeterThread: Thread finished: Thread Group 1-1
2025-12-24 19:07:00,297 INFO o.a.j.t.JMeterThread: Thread is done: Thread Group 1-3
2025-12-24 19:07:00,297 INFO o.a.j.t.JMeterThread: Thread finished: Thread Group 1-3
2025-12-24 19:07:00,420 INFO o.a.j.t.JMeterThread: Thread is done: Thread Group 1-7
2025-12-24 19:07:00,420 INFO o.a.j.t.JMeterThread: Thread finished: Thread Group 1-7
2025-12-24 19:07:00,516 INFO o.a.j.t.JMeterThread: Thread is done: Thread Group 1-8
2025-12-24 19:07:00,516 INFO o.a.j.t.JMeterThread: Thread finished: Thread Group 1-8
2025-12-24 19:07:00,598 INFO o.a.j.t.JMeterThread: Thread is done: Thread Group 1-6
2025-12-24 19:07:00,599 INFO o.a.j.t.JMeterThread: Thread finished: Thread Group 1-6
2025-12-24 19:07:00,630 INFO o.a.j.t.JMeterThread: Thread is done: Thread Group 1-9
2025-12-24 19:07:00,631 INFO o.a.j.t.JMeterThread: Thread finished: Thread Group 1-9
2025-12-24 19:07:00,732 INFO o.a.j.t.JMeterThread: Thread is done: Thread Group 1-10
2025-12-24 19:07:00,732 INFO o.a.j.t.JMeterThread: Thread finished: Thread Group 1-10
2025-12-24 19:07:00,732 INFO o.a.j.e.StandardJMeterEngine: Notifying test listeners of end of test
2025-12-24 19:07:00,735 INFO o.a.j.s.FileServer: Default base='/Users/nova/Documents/Projects/Cibertec/Pruebas de Software/shopping-cart-appium-test'
2025-12-24 19:07:00,735 INFO o.a.j.g.u.JMeterMenuBar: setRunning(false, *local*)
